#
# There is insufficient memory for the Java Runtime Environment to continue.
# Native memory allocation (malloc) failed to allocate 1176176 bytes for Chunk::new
# Possible reasons:
#   The system is out of physical RAM or swap space
#   The process is running with CompressedOops enabled, and the Java Heap may be blocking the growth of the native heap
# Possible solutions:
#   Reduce memory load on the system
#   Increase physical memory or swap space
#   Check if swap backing store is full
#   Decrease Java heap size (-Xmx/-Xms)
#   Decrease number of Java threads
#   Decrease Java thread stack sizes (-Xss)
#   Set larger code cache with -XX:ReservedCodeCacheSize=
#   JVM is running with Zero Based Compressed Oops mode in which the Java heap is
#     placed in the first 32GB address space. The Java Heap base address is the
#     maximum limit for the native heap growth. Please use -XX:HeapBaseMinAddress
#     to set the Java Heap base and to place the Java Heap above 32GB virtual address.
# This output file may be truncated or incomplete.
#
#  Out of Memory Error (arena.cpp:189), pid=26160, tid=5648
#
# JRE version: Java(TM) SE Runtime Environment (17.0.7+8) (build 17.0.7+8-LTS-224)
# Java VM: Java HotSpot(TM) 64-Bit Server VM (17.0.7+8-LTS-224, mixed mode, sharing, tiered, compressed oops, compressed class ptrs, g1 gc, windows-amd64)
# No core dump will be written. Minidumps are not enabled by default on client versions of Windows
#

---------------  S U M M A R Y ------------

Command Line: -XX:+ShowCodeDetailsInExceptionMessages com.exp2_s5_katlheen_rodriguez.exp2_s5_katlheen_rodriguez.Exp2S5KatlheenRodriguezApplication

Host: AMD Ryzen 5 4600H with Radeon Graphics         , 12 cores, 15G,  Windows 11 , 64 bit Build 22621 (10.0.22621.4830)
Time: Tue Apr  8 22:25:22 2025 Hora est. Sudamérica Pacífico elapsed time: 10.599639 seconds (0d 0h 0m 10s)

---------------  T H R E A D  ---------------

Current thread (0x0000019cb1c0c340):  JavaThread "C2 CompilerThread0" daemon [_thread_in_native, id=5648, stack(0x00000066cbf00000,0x00000066cc000000)]


Current CompileTask:
C2:  10599 6715       4       org.springframework.transaction.interceptor.TransactionAttributeSourcePointcut::matches (27 bytes)

Stack: [0x00000066cbf00000,0x00000066cc000000]
Native frames: (J=compiled Java code, j=interpreted, Vv=VM code, C=native code)
V  [jvm.dll+0x676a4a]
V  [jvm.dll+0x7d74f4]
V  [jvm.dll+0x7d8c9e]
V  [jvm.dll+0x7d9303]
V  [jvm.dll+0x2452c5]
V  [jvm.dll+0xaaa2b]
V  [jvm.dll+0xaafcc]
V  [jvm.dll+0x3613cf]
V  [jvm.dll+0x32bba1]
V  [jvm.dll+0x32b03a]
V  [jvm.dll+0x217acf]
V  [jvm.dll+0x216f01]
V  [jvm.dll+0x1a35e0]
V  [jvm.dll+0x226a6e]
V  [jvm.dll+0x224e15]
V  [jvm.dll+0x78d05c]
V  [jvm.dll+0x78759a]
V  [jvm.dll+0x675875]
C  [ucrtbase.dll+0x29333]
C  [KERNEL32.DLL+0x1259d]
C  [ntdll.dll+0x5af38]


---------------  P R O C E S S  ---------------

Threads class SMR info:
_java_thread_list=0x0000019cb21c65c0, length=37, elements={
0x0000019c8c6278c0, 0x0000019cb122f4c0, 0x0000019cb1230740, 0x0000019cb1c08c50,
0x0000019cb1c0a520, 0x0000019cb1c0ade0, 0x0000019cb1c0b6a0, 0x0000019cb1c0c340,
0x0000019cb1c0d100, 0x0000019cb1c0dc10, 0x0000019cb1d4b720, 0x0000019cb1d57bf0,
0x0000019cb267bb40, 0x0000019cb26d7b60, 0x0000019cb4a18e60, 0x0000019cb4d03b30,
0x0000019cb49bcc80, 0x0000019cb462e500, 0x0000019cb462e030, 0x0000019cb46301e0,
0x0000019cb462e9d0, 0x0000019cb462eea0, 0x0000019cb462c820, 0x0000019cb3456f00,
0x0000019cb3457410, 0x0000019cb89bd3f0, 0x0000019cb89bfa70, 0x0000019cb89bcf20,
0x0000019cb89bbbe0, 0x0000019cb89bd8c0, 0x0000019cb89be260, 0x0000019cb89bc0b0,
0x0000019cb89bf0d0, 0x0000019cb89bad70, 0x0000019cb89bec00, 0x0000019cb89bf5a0,
0x0000019cb89c0410
}

Java Threads: ( => current thread )
  0x0000019c8c6278c0 JavaThread "main" [_thread_blocked, id=6600, stack(0x00000066cb200000,0x00000066cb300000)]
  0x0000019cb122f4c0 JavaThread "Reference Handler" daemon [_thread_blocked, id=34228, stack(0x00000066cb900000,0x00000066cba00000)]
  0x0000019cb1230740 JavaThread "Finalizer" daemon [_thread_blocked, id=13892, stack(0x00000066cba00000,0x00000066cbb00000)]
  0x0000019cb1c08c50 JavaThread "Signal Dispatcher" daemon [_thread_blocked, id=2052, stack(0x00000066cbb00000,0x00000066cbc00000)]
  0x0000019cb1c0a520 JavaThread "Attach Listener" daemon [_thread_blocked, id=35880, stack(0x00000066cbc00000,0x00000066cbd00000)]
  0x0000019cb1c0ade0 JavaThread "Service Thread" daemon [_thread_blocked, id=21112, stack(0x00000066cbd00000,0x00000066cbe00000)]
  0x0000019cb1c0b6a0 JavaThread "Monitor Deflation Thread" daemon [_thread_blocked, id=40400, stack(0x00000066cbe00000,0x00000066cbf00000)]
=>0x0000019cb1c0c340 JavaThread "C2 CompilerThread0" daemon [_thread_in_native, id=5648, stack(0x00000066cbf00000,0x00000066cc000000)]
  0x0000019cb1c0d100 JavaThread "C1 CompilerThread0" daemon [_thread_blocked, id=1712, stack(0x00000066cc000000,0x00000066cc100000)]
  0x0000019cb1c0dc10 JavaThread "Sweeper thread" daemon [_thread_blocked, id=37964, stack(0x00000066cc100000,0x00000066cc200000)]
  0x0000019cb1d4b720 JavaThread "Notification Thread" daemon [_thread_blocked, id=44364, stack(0x00000066cc200000,0x00000066cc300000)]
  0x0000019cb1d57bf0 JavaThread "Common-Cleaner" daemon [_thread_blocked, id=18576, stack(0x00000066cc400000,0x00000066cc500000)]
  0x0000019cb267bb40 JavaThread "Thread-0" [_thread_blocked, id=7456, stack(0x00000066cc600000,0x00000066cc700000)]
  0x0000019cb26d7b60 JavaThread "restartedMain" [_thread_in_vm, id=23780, stack(0x00000066cc700000,0x00000066cc800000)]
  0x0000019cb4a18e60 JavaThread "Catalina-utility-1" [_thread_blocked, id=19164, stack(0x00000066cd400000,0x00000066cd500000)]
  0x0000019cb4d03b30 JavaThread "Catalina-utility-2" [_thread_blocked, id=32924, stack(0x00000066cd500000,0x00000066cd600000)]
  0x0000019cb49bcc80 JavaThread "container-0" [_thread_blocked, id=31956, stack(0x00000066cd600000,0x00000066cd700000)]
  0x0000019cb462e500 JavaThread "oracle.jdbc.diagnostics.Diagnostic.CLOCK" daemon [_thread_blocked, id=45104, stack(0x00000066cd000000,0x00000066cd100000)]
  0x0000019cb462e030 JavaThread "oracle.jdbc.driver.BlockSource.ThreadedCachingBlockSource.BlockReleaser" daemon [_thread_blocked, id=21876, stack(0x00000066cd700000,0x00000066cd800000)]
  0x0000019cb46301e0 JavaThread "InterruptTimer" daemon [_thread_blocked, id=21260, stack(0x00000066cda00000,0x00000066cdb00000)]
  0x0000019cb462e9d0 JavaThread "OJDBC-WORKER-THREAD-1" daemon [_thread_blocked, id=40196, stack(0x00000066cdb00000,0x00000066cdc00000)]
  0x0000019cb462eea0 JavaThread "HikariPool-1 housekeeper" daemon [_thread_blocked, id=18792, stack(0x00000066cdc00000,0x00000066cdd00000)]
  0x0000019cb462c820 JavaThread "HikariPool-1 connection adder" daemon [_thread_blocked, id=1004, stack(0x00000066cd800000,0x00000066cd900000)]
  0x0000019cb3456f00 JavaThread "C2 CompilerThread1" daemon [_thread_in_native, id=36372, stack(0x00000066cc500000,0x00000066cc600000)]
  0x0000019cb3457410 JavaThread "C2 CompilerThread2" daemon [_thread_in_native, id=20148, stack(0x00000066cdd00000,0x00000066cde00000)]
  0x0000019cb89bd3f0 JavaThread "File Watcher" daemon [_thread_blocked, id=26716, stack(0x00000066cde00000,0x00000066cdf00000)]
  0x0000019cb89bfa70 JavaThread "Live Reload Server" daemon [_thread_in_native, id=34660, stack(0x00000066ce000000,0x00000066ce100000)]
  0x0000019cb89bcf20 JavaThread "http-nio-9090-exec-1" daemon [_thread_blocked, id=17952, stack(0x00000066cdf00000,0x00000066ce000000)]
  0x0000019cb89bbbe0 JavaThread "http-nio-9090-exec-2" daemon [_thread_blocked, id=40816, stack(0x00000066ce100000,0x00000066ce200000)]
  0x0000019cb89bd8c0 JavaThread "http-nio-9090-exec-3" daemon [_thread_blocked, id=14744, stack(0x00000066ce200000,0x00000066ce300000)]
  0x0000019cb89be260 JavaThread "http-nio-9090-exec-4" daemon [_thread_blocked, id=29924, stack(0x00000066ce300000,0x00000066ce400000)]
  0x0000019cb89bc0b0 JavaThread "http-nio-9090-exec-5" daemon [_thread_blocked, id=18004, stack(0x00000066ce400000,0x00000066ce500000)]
  0x0000019cb89bf0d0 JavaThread "http-nio-9090-exec-6" daemon [_thread_blocked, id=28020, stack(0x00000066ce500000,0x00000066ce600000)]
  0x0000019cb89bad70 JavaThread "http-nio-9090-exec-7" daemon [_thread_blocked, id=2996, stack(0x00000066ce600000,0x00000066ce700000)]
  0x0000019cb89bec00 JavaThread "http-nio-9090-exec-8" daemon [_thread_blocked, id=39752, stack(0x00000066ce700000,0x00000066ce800000)]
  0x0000019cb89bf5a0 JavaThread "http-nio-9090-exec-9" daemon [_thread_blocked, id=29000, stack(0x00000066ce800000,0x00000066ce900000)]
  0x0000019cb89c0410 JavaThread "http-nio-9090-exec-10" daemon [_thread_blocked, id=30896, stack(0x00000066ce900000,0x00000066cea00000)]

Other Threads:
  0x0000019cb12289a0 VMThread "VM Thread" [stack: 0x00000066cb800000,0x00000066cb900000] [id=5840]
  0x0000019c8c6b52a0 WatcherThread [stack: 0x00000066cc300000,0x00000066cc400000] [id=4032]
  0x0000019c8c69a950 GCTaskThread "GC Thread#0" [stack: 0x00000066cb300000,0x00000066cb400000] [id=39036]
  0x0000019cb29f7880 GCTaskThread "GC Thread#1" [stack: 0x00000066cc800000,0x00000066cc900000] [id=26508]
  0x0000019cb2a0eb80 GCTaskThread "GC Thread#2" [stack: 0x00000066cc900000,0x00000066cca00000] [id=41592]
  0x0000019cb2a074f0 GCTaskThread "GC Thread#3" [stack: 0x00000066cca00000,0x00000066ccb00000] [id=10384]
  0x0000019cb2a077a0 GCTaskThread "GC Thread#4" [stack: 0x00000066ccb00000,0x00000066ccc00000] [id=32408]
  0x0000019cb2a07a50 GCTaskThread "GC Thread#5" [stack: 0x00000066ccc00000,0x00000066ccd00000] [id=12160]
  0x0000019cb292bc30 GCTaskThread "GC Thread#6" [stack: 0x00000066cce00000,0x00000066ccf00000] [id=20368]
  0x0000019cb2af96b0 GCTaskThread "GC Thread#7" [stack: 0x00000066ccf00000,0x00000066cd000000] [id=32236]
  0x0000019cb405d890 GCTaskThread "GC Thread#8" [stack: 0x00000066ccd00000,0x00000066cce00000] [id=37360]
  0x0000019cb405c060 GCTaskThread "GC Thread#9" [stack: 0x00000066cd100000,0x00000066cd200000] [id=36888]
  0x0000019c8c6aae90 ConcurrentGCThread "G1 Main Marker" [stack: 0x00000066cb400000,0x00000066cb500000] [id=20852]
  0x0000019c8c6ac040 ConcurrentGCThread "G1 Conc#0" [stack: 0x00000066cb500000,0x00000066cb600000] [id=42440]
  0x0000019cb405cb20 ConcurrentGCThread "G1 Conc#1" [stack: 0x00000066cd200000,0x00000066cd300000] [id=2284]
  0x0000019cb405c5c0 ConcurrentGCThread "G1 Conc#2" [stack: 0x00000066cd300000,0x00000066cd400000] [id=4112]
  0x0000019cb10be570 ConcurrentGCThread "G1 Refine#0" [stack: 0x00000066cb600000,0x00000066cb700000] [id=9480]
  0x0000019cb10c0ea0 ConcurrentGCThread "G1 Service" [stack: 0x00000066cb700000,0x00000066cb800000] [id=15128]

Threads with active compile tasks:
C2 CompilerThread0    10635 6715       4       org.springframework.transaction.interceptor.TransactionAttributeSourcePointcut::matches (27 bytes)
C2 CompilerThread1    10635 6765       4       java.util.jar.Manifest::getTrustedAttributes (57 bytes)
C2 CompilerThread2    10635 6746   !   4       org.springframework.util.ClassUtils::getMostSpecificMethod (83 bytes)

VM state: not at safepoint (normal execution)

VM Mutex/Monitor currently owned by a thread: None

Heap address: 0x000000070a000000, size: 3936 MB, Compressed Oops mode: Zero based, Oop shift amount: 3

CDS archive(s) mapped at: [0x0000000800000000-0x0000000800bd0000-0x0000000800bd0000), size 12386304, SharedBaseAddress: 0x0000000800000000, ArchiveRelocationMode: 0.
Compressed class space mapped at: 0x0000000800c00000-0x0000000840c00000, reserved size: 1073741824
Narrow klass base: 0x0000000800000000, Narrow klass shift: 0, Narrow klass range: 0x100000000

GC Precious Log:
 CPUs: 12 total, 12 available
 Memory: 15741M
 Large Page Support: Disabled
 NUMA Support: Disabled
 Compressed Oops: Enabled (Zero based)
 Heap Region Size: 2M
 Heap Min Capacity: 8M
 Heap Initial Capacity: 246M
 Heap Max Capacity: 3936M
 Pre-touch: Disabled
 Parallel Workers: 10
 Concurrent Workers: 3
 Concurrent Refinement Workers: 10
 Periodic GC: Disabled

Heap:
 garbage-first heap   total 61440K, used 38244K [0x000000070a000000, 0x0000000800000000)
  region size 2048K, 7 young (14336K), 2 survivors (4096K)
 Metaspace       used 73479K, committed 74048K, reserved 1114112K
  class space    used 9819K, committed 10112K, reserved 1048576K

Heap Regions: E=young(eden), S=young(survivor), O=old, HS=humongous(starts), HC=humongous(continues), CS=collection set, F=free, OA=open archive, CA=closed archive, TAMS=top-at-mark-start (previous, next)
|   0|0x000000070a000000, 0x000000070a200000, 0x000000070a200000|100%| O|  |TAMS 0x000000070a200000, 0x000000070a000000| Untracked 
|   1|0x000000070a200000, 0x000000070a400000, 0x000000070a400000|100%| O|  |TAMS 0x000000070a400000, 0x000000070a200000| Untracked 
|   2|0x000000070a400000, 0x000000070a600000, 0x000000070a600000|100%| O|  |TAMS 0x000000070a600000, 0x000000070a400000| Untracked 
|   3|0x000000070a600000, 0x000000070a800000, 0x000000070a800000|100%| O|  |TAMS 0x000000070a800000, 0x000000070a600000| Untracked 
|   4|0x000000070a800000, 0x000000070aa00000, 0x000000070aa00000|100%| O|  |TAMS 0x000000070aa00000, 0x000000070a800000| Untracked 
|   5|0x000000070aa00000, 0x000000070ac00000, 0x000000070ac00000|100%| O|  |TAMS 0x000000070ac00000, 0x000000070aa00000| Untracked 
|   6|0x000000070ac00000, 0x000000070ae00000, 0x000000070ae00000|100%| O|  |TAMS 0x000000070ae00000, 0x000000070ac00000| Untracked 
|   7|0x000000070ae00000, 0x000000070b000000, 0x000000070b000000|100%| O|  |TAMS 0x000000070b000000, 0x000000070ae00000| Untracked 
|   8|0x000000070b000000, 0x000000070b200000, 0x000000070b200000|100%| O|  |TAMS 0x000000070b190e00, 0x000000070b000000| Untracked 
|   9|0x000000070b200000, 0x000000070b400000, 0x000000070b400000|100%| O|  |TAMS 0x000000070b400000, 0x000000070b200000| Untracked 
|  10|0x000000070b400000, 0x000000070b600000, 0x000000070b600000|100%| O|  |TAMS 0x000000070b600000, 0x000000070b400000| Untracked 
|  11|0x000000070b600000, 0x000000070b800000, 0x000000070b800000|100%| O|  |TAMS 0x000000070b600000, 0x000000070b600000| Untracked 
|  12|0x000000070b800000, 0x000000070b980e00, 0x000000070ba00000| 75%| O|  |TAMS 0x000000070b800000, 0x000000070b800000| Untracked 
|  13|0x000000070ba00000, 0x000000070ba00000, 0x000000070bc00000|  0%| F|  |TAMS 0x000000070ba00000, 0x000000070ba00000| Untracked 
|  14|0x000000070bc00000, 0x000000070bc00000, 0x000000070be00000|  0%| F|  |TAMS 0x000000070bc00000, 0x000000070bc00000| Untracked 
|  15|0x000000070be00000, 0x000000070be00000, 0x000000070c000000|  0%| F|  |TAMS 0x000000070be00000, 0x000000070be00000| Untracked 
|  16|0x000000070c000000, 0x000000070c1d8330, 0x000000070c200000| 92%| S|CS|TAMS 0x000000070c000000, 0x000000070c000000| Complete 
|  17|0x000000070c200000, 0x000000070c200000, 0x000000070c400000|  0%| F|  |TAMS 0x000000070c200000, 0x000000070c200000| Untracked 
|  18|0x000000070c400000, 0x000000070c600000, 0x000000070c600000|100%| S|CS|TAMS 0x000000070c400000, 0x000000070c400000| Complete 
|  19|0x000000070c600000, 0x000000070c600000, 0x000000070c800000|  0%| F|  |TAMS 0x000000070c600000, 0x000000070c600000| Untracked 
|  20|0x000000070c800000, 0x000000070c800000, 0x000000070ca00000|  0%| F|  |TAMS 0x000000070c800000, 0x000000070c800000| Untracked 
|  21|0x000000070ca00000, 0x000000070ca00000, 0x000000070cc00000|  0%| F|  |TAMS 0x000000070ca00000, 0x000000070ca00000| Untracked 
|  22|0x000000070cc00000, 0x000000070cc00000, 0x000000070ce00000|  0%| F|  |TAMS 0x000000070cc00000, 0x000000070cc00000| Untracked 
|  23|0x000000070ce00000, 0x000000070ce00000, 0x000000070d000000|  0%| F|  |TAMS 0x000000070ce00000, 0x000000070ce00000| Untracked 
|  24|0x000000070d000000, 0x000000070d000000, 0x000000070d200000|  0%| F|  |TAMS 0x000000070d000000, 0x000000070d000000| Untracked 
| 113|0x0000000718200000, 0x00000007182ea860, 0x0000000718400000| 45%| E|  |TAMS 0x0000000718200000, 0x0000000718200000| Complete 
| 114|0x0000000718400000, 0x0000000718600000, 0x0000000718600000|100%| E|CS|TAMS 0x0000000718400000, 0x0000000718400000| Complete 
| 115|0x0000000718600000, 0x0000000718800000, 0x0000000718800000|100%| E|CS|TAMS 0x0000000718600000, 0x0000000718600000| Complete 
| 116|0x0000000718800000, 0x0000000718a00000, 0x0000000718a00000|100%| E|CS|TAMS 0x0000000718800000, 0x0000000718800000| Complete 
| 122|0x0000000719400000, 0x0000000719600000, 0x0000000719600000|100%| E|CS|TAMS 0x0000000719400000, 0x0000000719400000| Complete 

Card table byte_map: [0x0000019ca5ab0000,0x0000019ca6260000] _byte_map_base: 0x0000019ca2260000

Marking Bits (Prev, Next): (CMBitMap*) 0x0000019c8c69afa0, (CMBitMap*) 0x0000019c8c69af60
 Prev Bits: [0x0000019caa790000, 0x0000019cae510000)
 Next Bits: [0x0000019ca6a10000, 0x0000019caa790000)

Polling page: 0x0000019c8c6f0000

Metaspace:

Usage:
  Non-class:     62.17 MB used.
      Class:      9.59 MB used.
       Both:     71.76 MB used.

Virtual space:
  Non-class space:       64.00 MB reserved,      62.44 MB ( 98%) committed,  8 nodes.
      Class space:        1.00 GB reserved,       9.88 MB ( <1%) committed,  1 nodes.
             Both:        1.06 GB reserved,      72.31 MB (  7%) committed. 

Chunk freelists:
   Non-Class:  1.02 MB
       Class:  2.10 MB
        Both:  3.11 MB

MaxMetaspaceSize: unlimited
CompressedClassSpaceSize: 1.00 GB
Initial GC threshold: 21.00 MB
Current GC threshold: 98.12 MB
CDS: on
MetaspaceReclaimPolicy: balanced
 - commit_granule_bytes: 65536.
 - commit_granule_words: 8192.
 - virtual_space_node_default_size: 1048576.
 - enlarge_chunks_in_place: 1.
 - new_chunks_are_fully_committed: 0.
 - uncommit_free_chunks: 1.
 - use_allocation_guard: 0.
 - handle_deallocations: 1.


Internal statistics:

num_allocs_failed_limit: 9.
num_arena_births: 772.
num_arena_deaths: 0.
num_vsnodes_births: 9.
num_vsnodes_deaths: 0.
num_space_committed: 1157.
num_space_uncommitted: 0.
num_chunks_returned_to_freelist: 9.
num_chunks_taken_from_freelist: 3388.
num_chunk_merges: 9.
num_chunk_splits: 2407.
num_chunks_enlarged: 1867.
num_purges: 0.
num_inconsistent_stats: 0.

CodeHeap 'non-profiled nmethods': size=120000Kb used=4321Kb max_used=4321Kb free=115678Kb
 bounds [0x0000019c9d150000, 0x0000019c9d590000, 0x0000019ca4680000]
CodeHeap 'profiled nmethods': size=120000Kb used=12060Kb max_used=12060Kb free=107939Kb
 bounds [0x0000019c95680000, 0x0000019c96250000, 0x0000019c9cbb0000]
CodeHeap 'non-nmethods': size=5760Kb used=1402Kb max_used=1466Kb free=4357Kb
 bounds [0x0000019c9cbb0000, 0x0000019c9ce20000, 0x0000019c9d150000]
 total_blobs=6663 nmethods=5914 adapters=661
 compilation: enabled
              stopped_count=0, restarted_count=0
 full_count=0

Compilation events (20 events):
Event: 10.582 Thread 0x0000019cb1c0d100 nmethod 6743 0x0000019c96241f10 code [0x0000019c962420c0, 0x0000019c962423a8]
Event: 10.582 Thread 0x0000019cb1c0d100 6747       3       org.springframework.core.MethodIntrospector$$Lambda$1410/0x0000000801595050::doWith (17 bytes)
Event: 10.582 Thread 0x0000019cb3456f00 6749       4       org.springframework.util.ReflectionUtils$$Lambda$19/0x0000000800c2fbb8::matches (5 bytes)
Event: 10.582 Thread 0x0000019cb1c0d100 nmethod 6747 0x0000019c96242490 code [0x0000019c96242620, 0x0000019c96242788]
Event: 10.582 Thread 0x0000019cb1c0d100 6748       3       org.springframework.core.MethodIntrospector::lambda$selectMethods$0 (84 bytes)
Event: 10.583 Thread 0x0000019cb1c0d100 nmethod 6748 0x0000019c96242810 code [0x0000019c96242a20, 0x0000019c962430a8]
Event: 10.583 Thread 0x0000019cb1c0d100 6750       3       org.springframework.context.event.EventListenerMethodProcessor$$Lambda$1497/0x00000008015e1bb0::inspect (5 bytes)
Event: 10.583 Thread 0x0000019cb1c0d100 nmethod 6750 0x0000019c96243310 code [0x0000019c962434c0, 0x0000019c96243768]
Event: 10.583 Thread 0x0000019cb1c0d100 6751       3       org.springframework.context.event.EventListenerMethodProcessor::lambda$processBean$0 (10 bytes)
Event: 10.583 Thread 0x0000019cb3456f00 nmethod 6749 0x0000019c9d584010 code [0x0000019c9d584180, 0x0000019c9d584238]
Event: 10.583 Thread 0x0000019cb1c0d100 nmethod 6751 0x0000019c96243890 code [0x0000019c96243a40, 0x0000019c96243c88]
Event: 10.584 Thread 0x0000019cb3456f00 6752   !   4       org.springframework.beans.factory.support.DefaultSingletonBeanRegistry::getSingleton (181 bytes)
Event: 10.585 Thread 0x0000019cb1c0d100 6754       3       org.springframework.util.ClassUtils::getAllInterfacesForClassAsSet (106 bytes)
Event: 10.586 Thread 0x0000019cb1c0d100 nmethod 6754 0x0000019c96243d90 code [0x0000019c96244140, 0x0000019c962459f8]
Event: 10.586 Thread 0x0000019cb1c0d100 6756       3       org.springframework.aop.framework.autoproxy.AutoProxyUtils::determineTargetClass (51 bytes)
Event: 10.587 Thread 0x0000019cb1c0d100 nmethod 6756 0x0000019c96246410 code [0x0000019c96246680, 0x0000019c962473a8]
Event: 10.587 Thread 0x0000019cb1c0d100 6755       3       org.springframework.util.ClassUtils::getAllInterfacesForClassAsSet (6 bytes)
Event: 10.587 Thread 0x0000019cb1c0d100 nmethod 6755 0x0000019c96247790 code [0x0000019c96247920, 0x0000019c96247a48]
Event: 10.590 Thread 0x0000019cb1c0d100 6757   !   3       org.springframework.util.ConcurrentReferenceHashMap$Segment::clear (69 bytes)
Event: 10.590 Thread 0x0000019cb1c0d100 nmethod 6757 0x0000019c96247b10 code [0x0000019c96247d60, 0x0000019c962488f8]

GC Heap History (20 events):
Event: 5.798 GC heap before
{Heap before GC invocations=11 (full 0):
 garbage-first heap   total 61440K, used 44291K [0x000000070a000000, 0x0000000800000000)
  region size 2048K, 13 young (26624K), 1 survivors (2048K)
 Metaspace       used 42385K, committed 42752K, reserved 1089536K
  class space    used 5465K, committed 5632K, reserved 1048576K
}
Event: 5.800 GC heap after
{Heap after GC invocations=12 (full 0):
 garbage-first heap   total 61440K, used 20615K [0x000000070a000000, 0x0000000800000000)
  region size 2048K, 2 young (4096K), 2 survivors (4096K)
 Metaspace       used 42385K, committed 42752K, reserved 1089536K
  class space    used 5465K, committed 5632K, reserved 1048576K
}
Event: 5.884 GC heap before
{Heap before GC invocations=12 (full 0):
 garbage-first heap   total 61440K, used 22663K [0x000000070a000000, 0x0000000800000000)
  region size 2048K, 3 young (6144K), 2 survivors (4096K)
 Metaspace       used 43089K, committed 43456K, reserved 1089536K
  class space    used 5516K, committed 5696K, reserved 1048576K
}
Event: 5.887 GC heap after
{Heap after GC invocations=13 (full 0):
 garbage-first heap   total 61440K, used 20441K [0x000000070a000000, 0x0000000800000000)
  region size 2048K, 1 young (2048K), 1 survivors (2048K)
 Metaspace       used 43089K, committed 43456K, reserved 1089536K
  class space    used 5516K, committed 5696K, reserved 1048576K
}
Event: 6.664 GC heap before
{Heap before GC invocations=13 (full 0):
 garbage-first heap   total 61440K, used 45017K [0x000000070a000000, 0x0000000800000000)
  region size 2048K, 13 young (26624K), 1 survivors (2048K)
 Metaspace       used 52069K, committed 52480K, reserved 1097728K
  class space    used 6657K, committed 6848K, reserved 1048576K
}
Event: 6.666 GC heap after
{Heap after GC invocations=14 (full 0):
 garbage-first heap   total 61440K, used 22180K [0x000000070a000000, 0x0000000800000000)
  region size 2048K, 2 young (4096K), 2 survivors (4096K)
 Metaspace       used 52069K, committed 52480K, reserved 1097728K
  class space    used 6657K, committed 6848K, reserved 1048576K
}
Event: 7.218 GC heap before
{Heap before GC invocations=14 (full 0):
 garbage-first heap   total 61440K, used 44708K [0x000000070a000000, 0x0000000800000000)
  region size 2048K, 13 young (26624K), 2 survivors (4096K)
 Metaspace       used 55780K, committed 56192K, reserved 1097728K
  class space    used 7238K, committed 7424K, reserved 1048576K
}
Event: 7.221 GC heap after
{Heap after GC invocations=15 (full 0):
 garbage-first heap   total 61440K, used 23606K [0x000000070a000000, 0x0000000800000000)
  region size 2048K, 2 young (4096K), 2 survivors (4096K)
 Metaspace       used 55780K, committed 56192K, reserved 1097728K
  class space    used 7238K, committed 7424K, reserved 1048576K
}
Event: 7.572 GC heap before
{Heap before GC invocations=15 (full 0):
 garbage-first heap   total 61440K, used 48182K [0x000000070a000000, 0x0000000800000000)
  region size 2048K, 14 young (28672K), 2 survivors (4096K)
 Metaspace       used 58194K, committed 58624K, reserved 1105920K
  class space    used 7528K, committed 7744K, reserved 1048576K
}
Event: 7.575 GC heap after
{Heap after GC invocations=16 (full 0):
 garbage-first heap   total 61440K, used 24424K [0x000000070a000000, 0x0000000800000000)
  region size 2048K, 2 young (4096K), 2 survivors (4096K)
 Metaspace       used 58194K, committed 58624K, reserved 1105920K
  class space    used 7528K, committed 7744K, reserved 1048576K
}
Event: 7.938 GC heap before
{Heap before GC invocations=16 (full 0):
 garbage-first heap   total 61440K, used 38760K [0x000000070a000000, 0x0000000800000000)
  region size 2048K, 10 young (20480K), 2 survivors (4096K)
 Metaspace       used 59721K, committed 60160K, reserved 1105920K
  class space    used 7732K, committed 7936K, reserved 1048576K
}
Event: 7.939 GC heap after
{Heap after GC invocations=17 (full 0):
 garbage-first heap   total 61440K, used 24910K [0x000000070a000000, 0x0000000800000000)
  region size 2048K, 1 young (2048K), 1 survivors (2048K)
 Metaspace       used 59721K, committed 60160K, reserved 1105920K
  class space    used 7732K, committed 7936K, reserved 1048576K
}
Event: 8.233 GC heap before
{Heap before GC invocations=18 (full 0):
 garbage-first heap   total 61440K, used 45390K [0x000000070a000000, 0x0000000800000000)
  region size 2048K, 12 young (24576K), 1 survivors (2048K)
 Metaspace       used 63517K, committed 63936K, reserved 1105920K
  class space    used 8396K, committed 8576K, reserved 1048576K
}
Event: 8.235 GC heap after
{Heap after GC invocations=19 (full 0):
 garbage-first heap   total 61440K, used 25433K [0x000000070a000000, 0x0000000800000000)
  region size 2048K, 1 young (2048K), 1 survivors (2048K)
 Metaspace       used 63517K, committed 63936K, reserved 1105920K
  class space    used 8396K, committed 8576K, reserved 1048576K
}
Event: 8.567 GC heap before
{Heap before GC invocations=19 (full 0):
 garbage-first heap   total 61440K, used 47961K [0x000000070a000000, 0x0000000800000000)
  region size 2048K, 12 young (24576K), 1 survivors (2048K)
 Metaspace       used 66579K, committed 67072K, reserved 1114112K
  class space    used 8884K, committed 9088K, reserved 1048576K
}
Event: 8.569 GC heap after
{Heap after GC invocations=20 (full 0):
 garbage-first heap   total 61440K, used 26334K [0x000000070a000000, 0x0000000800000000)
  region size 2048K, 2 young (4096K), 2 survivors (4096K)
 Metaspace       used 66579K, committed 67072K, reserved 1114112K
  class space    used 8884K, committed 9088K, reserved 1048576K
}
Event: 9.128 GC heap before
{Heap before GC invocations=20 (full 0):
 garbage-first heap   total 61440K, used 48862K [0x000000070a000000, 0x0000000800000000)
  region size 2048K, 13 young (26624K), 2 survivors (4096K)
 Metaspace       used 69489K, committed 70016K, reserved 1114112K
  class space    used 9234K, committed 9472K, reserved 1048576K
}
Event: 9.131 GC heap after
{Heap after GC invocations=21 (full 0):
 garbage-first heap   total 61440K, used 27712K [0x000000070a000000, 0x0000000800000000)
  region size 2048K, 2 young (4096K), 2 survivors (4096K)
 Metaspace       used 69489K, committed 70016K, reserved 1114112K
  class space    used 9234K, committed 9472K, reserved 1048576K
}
Event: 10.094 GC heap before
{Heap before GC invocations=21 (full 0):
 garbage-first heap   total 61440K, used 50240K [0x000000070a000000, 0x0000000800000000)
  region size 2048K, 13 young (26624K), 2 survivors (4096K)
 Metaspace       used 72496K, committed 73024K, reserved 1114112K
  class space    used 9693K, committed 9920K, reserved 1048576K
}
Event: 10.097 GC heap after
{Heap after GC invocations=22 (full 0):
 garbage-first heap   total 61440K, used 30052K [0x000000070a000000, 0x0000000800000000)
  region size 2048K, 2 young (4096K), 2 survivors (4096K)
 Metaspace       used 72496K, committed 73024K, reserved 1114112K
  class space    used 9693K, committed 9920K, reserved 1048576K
}

Deoptimization events (20 events):
Event: 10.513 Thread 0x0000019cb26d7b60 Uncommon trap: trap_request=0xffffffbe fr.pc=0x0000019c9d56a5d4 relative=0x0000000000000234
Event: 10.513 Thread 0x0000019cb26d7b60 Uncommon trap: reason=profile_predicate action=maybe_recompile pc=0x0000019c9d56a5d4 method=java.util.HashMap.keysToArray([Ljava/lang/Object;)[Ljava/lang/Object; @ 48 c2
Event: 10.513 Thread 0x0000019cb26d7b60 DEOPT PACKING pc=0x0000019c9d56a5d4 sp=0x00000066cc7fc6c0
Event: 10.513 Thread 0x0000019cb26d7b60 DEOPT UNPACKING pc=0x0000019c9cc023a3 sp=0x00000066cc7fc668 mode 2
Event: 10.580 Thread 0x0000019cb26d7b60 Uncommon trap: trap_request=0xffffff45 fr.pc=0x0000019c9d535d74 relative=0x0000000000002f54
Event: 10.580 Thread 0x0000019cb26d7b60 Uncommon trap: reason=unstable_if action=reinterpret pc=0x0000019c9d535d74 method=org.springframework.core.annotation.AnnotationsScanner.processClassInheritedAnnotations(Ljava/lang/Object;Ljava/lang/Class;Lorg/springframework/core/annotation/AnnotationsPr
Event: 10.580 Thread 0x0000019cb26d7b60 DEOPT PACKING pc=0x0000019c9d535d74 sp=0x00000066cc7fe090
Event: 10.580 Thread 0x0000019cb26d7b60 DEOPT UNPACKING pc=0x0000019c9cc023a3 sp=0x00000066cc7fdf10 mode 2
Event: 10.580 Thread 0x0000019cb26d7b60 Uncommon trap: trap_request=0xffffff45 fr.pc=0x0000019c9d53f214 relative=0x0000000000000714
Event: 10.580 Thread 0x0000019cb26d7b60 Uncommon trap: reason=unstable_if action=reinterpret pc=0x0000019c9d53f214 method=org.springframework.core.annotation.AnnotationsScanner.processClassInheritedAnnotations(Ljava/lang/Object;Ljava/lang/Class;Lorg/springframework/core/annotation/AnnotationsPr
Event: 10.580 Thread 0x0000019cb26d7b60 DEOPT PACKING pc=0x0000019c9d53f214 sp=0x00000066cc7fdfe0
Event: 10.580 Thread 0x0000019cb26d7b60 DEOPT UNPACKING pc=0x0000019c9cc023a3 sp=0x00000066cc7fdf10 mode 2
Event: 10.589 Thread 0x0000019cb26d7b60 Uncommon trap: trap_request=0xffffff45 fr.pc=0x0000019c9d1bcb60 relative=0x0000000000000060
Event: 10.589 Thread 0x0000019cb26d7b60 Uncommon trap: reason=unstable_if action=reinterpret pc=0x0000019c9d1bcb60 method=org.springframework.util.ConcurrentReferenceHashMap$Segment.clear()V @ 7 c2
Event: 10.589 Thread 0x0000019cb26d7b60 DEOPT PACKING pc=0x0000019c9d1bcb60 sp=0x00000066cc7fe440
Event: 10.589 Thread 0x0000019cb26d7b60 DEOPT UNPACKING pc=0x0000019c9cc023a3 sp=0x00000066cc7fe3d0 mode 2
Event: 10.594 Thread 0x0000019cb26d7b60 Uncommon trap: trap_request=0xffffff54 fr.pc=0x0000019c9d1e4cf8 relative=0x0000000000000238
Event: 10.594 Thread 0x0000019cb26d7b60 Uncommon trap: reason=speculate_null_assert action=make_not_entrant pc=0x0000019c9d1e4cf8 method=org.springframework.util.ConcurrentReferenceHashMap$Segment.restructureIfNecessary(Z)V @ 41 c2
Event: 10.594 Thread 0x0000019cb26d7b60 DEOPT PACKING pc=0x0000019c9d1e4cf8 sp=0x00000066cc7fe120
Event: 10.594 Thread 0x0000019cb26d7b60 DEOPT UNPACKING pc=0x0000019c9cc023a3 sp=0x00000066cc7fe0f8 mode 2

Classes unloaded (0 events):
No events

Classes redefined (0 events):
No events

Internal exceptions (20 events):
Event: 8.700 Thread 0x0000019cb462c820 Exception <a 'sun/nio/fs/WindowsException'{0x0000000718945a08}> (0x0000000718945a08) 
thrown [s\open\src\hotspot\share\prims\jni.cpp, line 516]
Event: 8.700 Thread 0x0000019cb462c820 Exception <a 'sun/nio/fs/WindowsException'{0x0000000718945cb8}> (0x0000000718945cb8) 
thrown [s\open\src\hotspot\share\prims\jni.cpp, line 516]
Event: 8.988 Thread 0x0000019cb26d7b60 Exception <a 'java/lang/IncompatibleClassChangeError'{0x000000070cb56a80}: Found class java.lang.Object, but interface was expected> (0x000000070cb56a80) 
thrown [s\open\src\hotspot\share\interpreter\linkResolver.cpp, line 826]
Event: 9.043 Thread 0x0000019cb26d7b60 Exception <a 'java/lang/IncompatibleClassChangeError'{0x000000070c90e478}: Found class java.lang.Object, but interface was expected> (0x000000070c90e478) 
thrown [s\open\src\hotspot\share\interpreter\linkResolver.cpp, line 826]
Event: 9.278 Thread 0x0000019cb26d7b60 Exception <a 'java/lang/IncompatibleClassChangeError'{0x00000007189cd790}: Found class java.lang.Object, but interface was expected> (0x00000007189cd790) 
thrown [s\open\src\hotspot\share\interpreter\linkResolver.cpp, line 826]
Event: 9.720 Thread 0x0000019cb26d7b60 Exception <a 'sun/nio/fs/WindowsException'{0x000000070cccab58}> (0x000000070cccab58) 
thrown [s\open\src\hotspot\share\prims\jni.cpp, line 516]
Event: 9.758 Thread 0x0000019cb26d7b60 Exception <a 'java/lang/NoSuchMethodError'{0x000000070cd57ec0}: 'java.lang.Object java.lang.invoke.DirectMethodHandle$Holder.invokeStaticInit(java.lang.Object, java.lang.Object, java.lang.Object, java.lang.Object, java.lang.Object, java.lang.Object, java.lang.Object)'> (0x000000070cd57ec0) 
thrown [s\open\src\hotspot\share\interpreter\linkResolver.cpp, line 759]
Event: 9.766 Thread 0x0000019cb26d7b60 Exception <a 'java/lang/NoSuchMethodError'{0x000000070cd7a1d8}: 'int java.lang.invoke.DirectMethodHandle$Holder.invokeStaticInit(java.lang.Object, int, int)'> (0x000000070cd7a1d8) 
thrown [s\open\src\hotspot\share\interpreter\linkResolver.cpp, line 759]
Event: 9.768 Thread 0x0000019cb26d7b60 Exception <a 'java/lang/NoSuchMethodError'{0x000000070cd82680}: 'int java.lang.invoke.DirectMethodHandle$Holder.invokeStaticInit(java.lang.Object, long, long)'> (0x000000070cd82680) 
thrown [s\open\src\hotspot\share\interpreter\linkResolver.cpp, line 759]
Event: 9.769 Thread 0x0000019cb26d7b60 Exception <a 'java/lang/NoSuchMethodError'{0x000000070cd8a1d0}: 'int java.lang.invoke.DirectMethodHandle$Holder.invokeStaticInit(java.lang.Object, float, float)'> (0x000000070cd8a1d0) 
thrown [s\open\src\hotspot\share\interpreter\linkResolver.cpp, line 759]
Event: 9.772 Thread 0x0000019cb26d7b60 Exception <a 'java/lang/NoSuchMethodError'{0x000000070cd91d28}: 'int java.lang.invoke.DirectMethodHandle$Holder.invokeStaticInit(java.lang.Object, double, double)'> (0x000000070cd91d28) 
thrown [s\open\src\hotspot\share\interpreter\linkResolver.cpp, line 759]
Event: 9.773 Thread 0x0000019cb26d7b60 Exception <a 'java/lang/NoSuchMethodError'{0x000000070cd96f60}: 'int java.lang.invoke.DirectMethodHandle$Holder.invokeStatic(java.lang.Object, long)'> (0x000000070cd96f60) 
thrown [s\open\src\hotspot\share\interpreter\linkResolver.cpp, line 759]
Event: 9.784 Thread 0x0000019cb26d7b60 Exception <a 'java/lang/NoSuchMethodError'{0x000000070cdbb0a8}: 'int java.lang.invoke.Invokers$Holder.linkToTargetMethod(java.lang.Object, java.lang.Object)'> (0x000000070cdbb0a8) 
thrown [s\open\src\hotspot\share\interpreter\linkResolver.cpp, line 759]
Event: 9.846 Thread 0x0000019cb26d7b60 Exception <a 'java/lang/IncompatibleClassChangeError'{0x000000070cbae430}: Found class java.lang.Object, but interface was expected> (0x000000070cbae430) 
thrown [s\open\src\hotspot\share\interpreter\linkResolver.cpp, line 826]
Event: 9.996 Thread 0x0000019cb26d7b60 Exception <a 'java/lang/NoSuchMethodError'{0x000000070c9837d8}: 'void java.lang.invoke.DirectMethodHandle$Holder.invokeVirtual(java.lang.Object, java.lang.Object, long)'> (0x000000070c9837d8) 
thrown [s\open\src\hotspot\share\interpreter\linkResolver.cpp, line 759]
Event: 10.033 Thread 0x0000019cb26d7b60 Exception <a 'java/lang/NoSuchMethodError'{0x000000070c67b770}: 'java.lang.Object java.lang.invoke.DirectMethodHandle$Holder.invokeSpecial(java.lang.Object, java.lang.Object, int, int, int, int)'> (0x000000070c67b770) 
thrown [s\open\src\hotspot\share\interpreter\linkResolver.cpp, line 759]
Event: 10.270 Thread 0x0000019cb26d7b60 Exception <a 'java/lang/IncompatibleClassChangeError'{0x000000071880ee88}: Found class java.lang.Object, but interface was expected> (0x000000071880ee88) 
thrown [s\open\src\hotspot\share\interpreter\linkResolver.cpp, line 826]
Event: 10.322 Thread 0x0000019cb26d7b60 Implicit null exception at 0x0000019c9d2aedda to 0x0000019c9d2af020
Event: 10.376 Thread 0x0000019cb26d7b60 Exception <a 'java/lang/NoSuchMethodError'{0x000000071899daf8}: 'java.lang.Object java.lang.invoke.DirectMethodHandle$Holder.invokeSpecial(java.lang.Object, java.lang.Object, java.lang.Object, java.lang.Object, java.lang.Object, java.lang.Object, java.lang.Object, java.lang.Object, java.lang.Object, java.lang.Object, java.lang.Object)'> (0x000000071899daf8) 
thrown [s\open\src\hotspot\share\interpreter\linkResolver.cpp, line 759]
Event: 10.376 Thread 0x0000019cb26d7b60 Exception <a 'java/lang/NoSuchMethodError'{0x00000007189a1ee0}: 'java.lang.Object java.lang.invoke.Invokers$Holder.invoke_MT(java.lang.Object, java.lang.Object, java.lang.Object, java.lang.Object, java.lang.Object, java.lang.Object, java.lang.Object, java.lang.Object, java.lang.Object, java.lang.Object, java.lang.Object)'> (0x00000007189a1ee0) 
thrown [s\open\src\hotspot\share\interpreter\linkResolver.cpp, line 759]

VM Operations (20 events):
Event: 9.586 Executing VM operation: HandshakeAllThreads
Event: 9.586 Executing VM operation: HandshakeAllThreads done
Event: 9.633 Executing VM operation: HandshakeAllThreads
Event: 9.633 Executing VM operation: HandshakeAllThreads done
Event: 9.634 Executing VM operation: HandshakeAllThreads
Event: 9.634 Executing VM operation: HandshakeAllThreads done
Event: 9.721 Executing VM operation: ICBufferFull
Event: 9.721 Executing VM operation: ICBufferFull done
Event: 9.770 Executing VM operation: HandshakeAllThreads
Event: 9.770 Executing VM operation: HandshakeAllThreads done
Event: 9.872 Executing VM operation: HandshakeAllThreads
Event: 9.872 Executing VM operation: HandshakeAllThreads done
Event: 9.904 Executing VM operation: HandshakeAllThreads
Event: 9.904 Executing VM operation: HandshakeAllThreads done
Event: 10.050 Executing VM operation: HandshakeAllThreads
Event: 10.050 Executing VM operation: HandshakeAllThreads done
Event: 10.094 Executing VM operation: G1CollectForAllocation
Event: 10.097 Executing VM operation: G1CollectForAllocation done
Event: 10.594 Executing VM operation: HandshakeAllThreads
Event: 10.594 Executing VM operation: HandshakeAllThreads done

Events (20 events):
Event: 9.780 Thread 0x0000019cb1c0dc10 flushing nmethod 0x0000019c95febf10
Event: 9.780 Thread 0x0000019cb1c0dc10 flushing nmethod 0x0000019c95fec910
Event: 9.780 Thread 0x0000019cb1c0dc10 flushing nmethod 0x0000019c96064210
Event: 9.780 Thread 0x0000019cb1c0dc10 flushing nmethod 0x0000019c9609ef10
Event: 9.801 loading class java/util/EnumMap$EntrySet
Event: 9.801 loading class java/util/EnumMap$EntrySet done
Event: 9.801 loading class java/util/EnumMap$EntryIterator
Event: 9.801 loading class java/util/EnumMap$EnumMapIterator
Event: 9.802 loading class java/util/EnumMap$EnumMapIterator done
Event: 9.802 loading class java/util/EnumMap$EntryIterator done
Event: 10.559 Thread 0x0000019cb89bd3f0 Thread added: 0x0000019cb89bd3f0
Event: 10.570 loading class sun/nio/ch/NioSocketImpl
Event: 10.570 loading class sun/net/PlatformSocketImpl
Event: 10.570 loading class sun/net/PlatformSocketImpl done
Event: 10.570 loading class sun/nio/ch/NioSocketImpl done
Event: 10.570 loading class java/net/Inet4AddressImpl
Event: 10.571 loading class java/net/Inet4AddressImpl done
Event: 10.572 Thread 0x0000019cb89bcf20 Thread added: 0x0000019cb89bcf20
Event: 10.572 Thread 0x0000019cb89bcf20 Thread exited: 0x0000019cb89bcf20
Event: 10.572 Thread 0x0000019cb89bfa70 Thread added: 0x0000019cb89bfa70


Dynamic libraries:
0x00007ff7b9030000 - 0x00007ff7b9040000 	C:\Program Files\Java\jdk-17\bin\java.exe
0x00007ff9616f0000 - 0x00007ff961907000 	C:\WINDOWS\SYSTEM32\ntdll.dll
0x00007ff960ee0000 - 0x00007ff960fa4000 	C:\WINDOWS\System32\KERNEL32.DLL
0x00007ff95f010000 - 0x00007ff95f3e0000 	C:\WINDOWS\System32\KERNELBASE.dll
0x00007ff95eef0000 - 0x00007ff95f001000 	C:\WINDOWS\System32\ucrtbase.dll
0x00007ff8e48b0000 - 0x00007ff8e48c9000 	C:\Program Files\Java\jdk-17\bin\jli.dll
0x00007ff960fb0000 - 0x00007ff961061000 	C:\WINDOWS\System32\ADVAPI32.dll
0x00007ff95ff30000 - 0x00007ff95ffd7000 	C:\WINDOWS\System32\msvcrt.dll
0x00007ff961330000 - 0x00007ff9613d7000 	C:\WINDOWS\System32\sechost.dll
0x00007ff95eb80000 - 0x00007ff95eba8000 	C:\WINDOWS\System32\bcrypt.dll
0x00007ff95f460000 - 0x00007ff95f574000 	C:\WINDOWS\System32\RPCRT4.dll
0x00007ff960c20000 - 0x00007ff960dce000 	C:\WINDOWS\System32\USER32.dll
0x00007ff95ed20000 - 0x00007ff95ed46000 	C:\WINDOWS\System32\win32u.dll
0x00007ff925460000 - 0x00007ff92547b000 	C:\Program Files\Java\jdk-17\bin\VCRUNTIME140.dll
0x00007ff960340000 - 0x00007ff960369000 	C:\WINDOWS\System32\GDI32.dll
0x00007ff95ed50000 - 0x00007ff95ee6b000 	C:\WINDOWS\System32\gdi32full.dll
0x00007ff95eae0000 - 0x00007ff95eb7a000 	C:\WINDOWS\System32\msvcp_win.dll
0x00007ff94ae40000 - 0x00007ff94b0d2000 	C:\WINDOWS\WinSxS\amd64_microsoft.windows.common-controls_6595b64144ccf1df_6.0.22621.4830_none_270fe7d773858e80\COMCTL32.dll
0x00007ff959ca0000 - 0x00007ff959caa000 	C:\WINDOWS\SYSTEM32\VERSION.dll
0x00007ff95fa70000 - 0x00007ff95faa1000 	C:\WINDOWS\System32\IMM32.DLL
0x00007ff953ce0000 - 0x00007ff953cec000 	C:\Program Files\Java\jdk-17\bin\vcruntime140_1.dll
0x00007ff8db8d0000 - 0x00007ff8db95e000 	C:\Program Files\Java\jdk-17\bin\msvcp140.dll
0x00007ff939da0000 - 0x00007ff93a97d000 	C:\Program Files\Java\jdk-17\bin\server\jvm.dll
0x00007ff960bf0000 - 0x00007ff960bf8000 	C:\WINDOWS\System32\PSAPI.DLL
0x00007ff95c740000 - 0x00007ff95c774000 	C:\WINDOWS\SYSTEM32\WINMM.dll
0x00007ff93e3e0000 - 0x00007ff93e3e9000 	C:\WINDOWS\SYSTEM32\WSOCK32.dll
0x00007ff961550000 - 0x00007ff9615c1000 	C:\WINDOWS\System32\WS2_32.dll
0x00007ff95d9e0000 - 0x00007ff95d9f8000 	C:\WINDOWS\SYSTEM32\kernel.appcore.dll
0x00007ff93e320000 - 0x00007ff93e32a000 	C:\Program Files\Java\jdk-17\bin\jimage.dll
0x00007ff95bff0000 - 0x00007ff95c222000 	C:\WINDOWS\SYSTEM32\DBGHELP.DLL
0x00007ff95f580000 - 0x00007ff95f910000 	C:\WINDOWS\System32\combase.dll
0x00007ff9615d0000 - 0x00007ff9616a7000 	C:\WINDOWS\System32\OLEAUT32.dll
0x00007ff93e4e0000 - 0x00007ff93e512000 	C:\WINDOWS\SYSTEM32\dbgcore.DLL
0x00007ff95ea60000 - 0x00007ff95eadb000 	C:\WINDOWS\System32\bcryptPrimitives.dll
0x00007ff933910000 - 0x00007ff933935000 	C:\Program Files\Java\jdk-17\bin\java.dll
0x00007ff92c7e0000 - 0x00007ff92c8b7000 	C:\Program Files\Java\jdk-17\bin\jsvml.dll
0x00007ff960370000 - 0x00007ff960be8000 	C:\WINDOWS\System32\SHELL32.dll
0x00007ff95c8f0000 - 0x00007ff95d200000 	C:\WINDOWS\SYSTEM32\windows.storage.dll
0x00007ff95c7b0000 - 0x00007ff95c8ef000 	C:\WINDOWS\SYSTEM32\wintypes.dll
0x00007ff961070000 - 0x00007ff96117a000 	C:\WINDOWS\System32\SHCORE.dll
0x00007ff960dd0000 - 0x00007ff960e2e000 	C:\WINDOWS\System32\shlwapi.dll
0x00007ff95e8d0000 - 0x00007ff95e8fb000 	C:\WINDOWS\SYSTEM32\profapi.dll
0x00007ff92be70000 - 0x00007ff92be89000 	C:\Program Files\Java\jdk-17\bin\net.dll
0x00007ff958960000 - 0x00007ff958a8c000 	C:\WINDOWS\SYSTEM32\WINHTTP.dll
0x00007ff95de60000 - 0x00007ff95deca000 	C:\WINDOWS\system32\mswsock.dll
0x00007ff92be50000 - 0x00007ff92be66000 	C:\Program Files\Java\jdk-17\bin\nio.dll
0x00007ff92c170000 - 0x00007ff92c188000 	C:\Program Files\Java\jdk-17\bin\zip.dll
0x00007ff927f90000 - 0x00007ff927f9a000 	C:\Program Files\Java\jdk-17\bin\management.dll
0x00007ff927f30000 - 0x00007ff927f3b000 	C:\Program Files\Java\jdk-17\bin\management_ext.dll
0x00007ff920600000 - 0x00007ff92060d000 	C:\Program Files\Java\jdk-17\bin\sunmscapi.dll
0x00007ff95ebb0000 - 0x00007ff95ed16000 	C:\WINDOWS\System32\CRYPT32.dll
0x00007ff95e2c0000 - 0x00007ff95e2ed000 	C:\WINDOWS\SYSTEM32\ncrypt.dll
0x00007ff95e210000 - 0x00007ff95e247000 	C:\WINDOWS\SYSTEM32\NTASN1.dll
0x00007ff95e0c0000 - 0x00007ff95e0db000 	C:\WINDOWS\SYSTEM32\CRYPTSP.dll
0x00007ff95d940000 - 0x00007ff95d975000 	C:\WINDOWS\system32\rsaenh.dll
0x00007ff95df50000 - 0x00007ff95df78000 	C:\WINDOWS\SYSTEM32\USERENV.dll
0x00007ff95e0b0000 - 0x00007ff95e0bc000 	C:\WINDOWS\SYSTEM32\CRYPTBASE.dll
0x00007ff95d4a0000 - 0x00007ff95d4cd000 	C:\WINDOWS\SYSTEM32\IPHLPAPI.DLL
0x00007ff960170000 - 0x00007ff960179000 	C:\WINDOWS\System32\NSI.dll
0x00007ff958880000 - 0x00007ff958899000 	C:\WINDOWS\SYSTEM32\dhcpcsvc6.DLL
0x00007ff958860000 - 0x00007ff95887f000 	C:\WINDOWS\SYSTEM32\dhcpcsvc.DLL
0x00007ff95d4d0000 - 0x00007ff95d5d2000 	C:\WINDOWS\SYSTEM32\DNSAPI.dll
0x00007ff912c30000 - 0x00007ff912c40000 	C:\Program Files\Java\jdk-17\bin\verify.dll
0x00007ff930ff0000 - 0x00007ff931007000 	C:\WINDOWS\system32\napinsp.dll
0x00007ff92f590000 - 0x00007ff92f5ab000 	C:\WINDOWS\system32\pnrpnsp.dll
0x00007ff92f400000 - 0x00007ff92f411000 	C:\WINDOWS\System32\winrnr.dll
0x00007ff958720000 - 0x00007ff958735000 	C:\WINDOWS\system32\wshbth.dll
0x00007ff92f310000 - 0x00007ff92f337000 	C:\WINDOWS\system32\nlansp_c.dll
0x00007ff94f5a0000 - 0x00007ff94f5aa000 	C:\Windows\System32\rasadhlp.dll
0x00007ff958170000 - 0x00007ff9581f3000 	C:\WINDOWS\System32\fwpuclnt.dll

dbghelp: loaded successfully - version: 4.0.5 - missing functions: none
symbol engine: initialized successfully - sym options: 0x614 - pdb path: .;C:\Program Files\Java\jdk-17\bin;C:\WINDOWS\SYSTEM32;C:\WINDOWS\WinSxS\amd64_microsoft.windows.common-controls_6595b64144ccf1df_6.0.22621.4830_none_270fe7d773858e80;C:\Program Files\Java\jdk-17\bin\server

VM Arguments:
jvm_args: -XX:+ShowCodeDetailsInExceptionMessages 
java_command: com.exp2_s5_katlheen_rodriguez.exp2_s5_katlheen_rodriguez.Exp2S5KatlheenRodriguezApplication
java_class_path (initial): C:\Users\Kathl\OneDrive\Documentos\DUOC\BIMESTRE 1\FULL STACK 1\Exp_2\Semana_5\Exp2_S5_Katlheen_Rodriguez\target\classes;C:\Users\Kathl\.m2\repository\org\springframework\boot\spring-boot-starter-web\3.4.4\spring-boot-starter-web-3.4.4.jar;C:\Users\Kathl\.m2\repository\org\springframework\boot\spring-boot-starter\3.4.4\spring-boot-starter-3.4.4.jar;C:\Users\Kathl\.m2\repository\org\springframework\boot\spring-boot-starter-logging\3.4.4\spring-boot-starter-logging-3.4.4.jar;C:\Users\Kathl\.m2\repository\ch\qos\logback\logback-classic\1.5.18\logback-classic-1.5.18.jar;C:\Users\Kathl\.m2\repository\ch\qos\logback\logback-core\1.5.18\logback-core-1.5.18.jar;C:\Users\Kathl\.m2\repository\org\apache\logging\log4j\log4j-to-slf4j\2.24.3\log4j-to-slf4j-2.24.3.jar;C:\Users\Kathl\.m2\repository\org\apache\logging\log4j\log4j-api\2.24.3\log4j-api-2.24.3.jar;C:\Users\Kathl\.m2\repository\org\slf4j\jul-to-slf4j\2.0.17\jul-to-slf4j-2.0.17.jar;C:\Users\Kathl\.m2\repository\jakarta\annotation\jakarta.annotation-api\2.1.1\jakarta.annotation-api-2.1.1.jar;C:\Users\Kathl\.m2\repository\org\yaml\snakeyaml\2.3\snakeyaml-2.3.jar;C:\Users\Kathl\.m2\repository\org\springframework\boot\spring-boot-starter-json\3.4.4\spring-boot-starter-json-3.4.4.jar;C:\Users\Kathl\.m2\repository\com\fasterxml\jackson\core\jackson-databind\2.18.3\jackson-databind-2.18.3.jar;C:\Users\Kathl\.m2\repository\com\fasterxml\jackson\core\jackson-annotations\2.18.3\jackson-annotations-2.18.3.jar;C:\Users\Kathl\.m2\repository\com\fasterxml\jackson\core\jackson-core\2.18.3\jackson-core-2.18.3.jar;C:\Users\Kathl\.m2\repository\com\fasterxml\jackson\datatype\jackson-datatype-jdk8\2.18.3\jackson-datatype-jdk8-2.18.3.jar;C:\Users\Kathl\.m2\repository\com\fasterxml\jackson\datatype\jackson-datatype-jsr310\2.18.3\jackson-datatype-jsr310-2.18.3.jar;C:\Users\Kathl\.m2\repository\com\fasterxml\jackson\module\jackson-module-parameter-names\2.18.3\jackson-module-parameter-names-2.18.3.jar;C:\Users\Kat
Launcher Type: SUN_STANDARD

[Global flags]
     intx CICompilerCount                          = 4                                         {product} {ergonomic}
     uint ConcGCThreads                            = 3                                         {product} {ergonomic}
     uint G1ConcRefinementThreads                  = 10                                        {product} {ergonomic}
   size_t G1HeapRegionSize                         = 2097152                                   {product} {ergonomic}
    uintx GCDrainStackTargetSize                   = 64                                        {product} {ergonomic}
   size_t InitialHeapSize                          = 257949696                                 {product} {ergonomic}
   size_t MarkStackSize                            = 4194304                                   {product} {ergonomic}
   size_t MaxHeapSize                              = 4127195136                                {product} {ergonomic}
   size_t MaxNewSize                               = 2474639360                                {product} {ergonomic}
   size_t MinHeapDeltaBytes                        = 2097152                                   {product} {ergonomic}
   size_t MinHeapSize                              = 8388608                                   {product} {ergonomic}
    uintx NonNMethodCodeHeapSize                   = 5839372                                {pd product} {ergonomic}
    uintx NonProfiledCodeHeapSize                  = 122909434                              {pd product} {ergonomic}
    uintx ProfiledCodeHeapSize                     = 122909434                              {pd product} {ergonomic}
    uintx ReservedCodeCacheSize                    = 251658240                              {pd product} {ergonomic}
     bool SegmentedCodeCache                       = true                                      {product} {ergonomic}
     bool ShowCodeDetailsInExceptionMessages       = true                                   {manageable} {command line}
   size_t SoftMaxHeapSize                          = 4127195136                             {manageable} {ergonomic}
     bool UseCompressedClassPointers               = true                           {product lp64_product} {ergonomic}
     bool UseCompressedOops                        = true                           {product lp64_product} {ergonomic}
     bool UseG1GC                                  = true                                      {product} {ergonomic}
     bool UseLargePagesIndividualAllocation        = false                                  {pd product} {ergonomic}

Logging:
Log output configuration:
 #0: stdout all=warning uptime,level,tags
 #1: stderr all=off uptime,level,tags

Environment Variables:
PATH=C:\app\Kathl\product\21c\dbhomeXE\bin;C:\xampp\php;C:\ProgramData\ComposerSetup\bin;C:\Program Files\nodejs\;C:\Program Files\MySQL\MySQL Shell 8.0\bin\;C:\Users\Kathl\AppData\Local\Microsoft\WindowsApps;C:\Users\Kathl\.dotnet\tools;C:\Users\Kathl\AppData\Local\Programs\Microsoft VS Code\bin;C:\Users\Kathl\AppData\Roaming\Composer\vendor\bin;C:\Users\Kathl\AppData\Roaming\npm
USERNAME=Kathl
LANG=en_US.UTF-8
OS=Windows_NT
PROCESSOR_IDENTIFIER=AMD64 Family 23 Model 96 Stepping 1, AuthenticAMD



---------------  S Y S T E M  ---------------

OS:
 Windows 11 , 64 bit Build 22621 (10.0.22621.4830)
OS uptime: 13 days 13:04 hours

CPU: total 12 (initial active 12) (12 cores per cpu, 2 threads per core) family 23 model 96 stepping 1 microcode 0x0, cx8, cmov, fxsr, ht, mmx, 3dnowpref, sse, sse2, sse3, ssse3, sse4a, sse4.1, sse4.2, popcnt, lzcnt, tsc, tscinvbit, avx, avx2, aes, clmul, bmi1, bmi2, adx, sha, fma, vzeroupper, clflush, clflushopt

Memory: 4k page, system-wide physical 15741M (772M free)
TotalPageFile size 28193M (AvailPageFile size 70M)
current process WorkingSet (physical memory assigned to process): 264M, peak: 283M
current process commit charge ("private bytes"): 305M, peak: 407M

vm_info: Java HotSpot(TM) 64-Bit Server VM (17.0.7+8-LTS-224) for windows-amd64 JRE (17.0.7+8-LTS-224), built on Feb 28 2023 23:03:02 by "mach5one" with MS VC++ 17.1 (VS2022)

END.
